<?xml version="1.0" encoding="UTF-8"?>
<!-- Generated by org.testng.reporters.JUnitReportReporter -->
<testsuite skipped="0" hostname="LAPTOP-JEI8AS0O" name="testcases.TimeTest" tests="1" failures="0" timestamp="2023-02-05T16:13:33 EST" time="2.716" errors="0">
  <testcase name="getNamesTable_005" time="2.716" classname="testcases.TimeTest"/>
  <system-out/>
</testsuite> <!-- testcases.TimeTest -->
